<?xml version="1.0" encoding="UTF-8"?>
<!-- Generated by org.testng.reporters.JUnitReportReporter -->
<testsuite hostname="DESKTOP-1NV6O7N" failures="0" tests="5" name="API_PUT_TestCases.PUT_TestCases" time="0.528" errors="0" timestamp="2022-11-26T03:03:29 IST" skipped="0">
  <testcase classname="API_PUT_TestCases.PUT_TestCases" name="TC_02_PUT_Connection_Response_check" time="0.005"/>
  <system-out/>
  <testcase classname="API_PUT_TestCases.PUT_TestCases" name="TC_01_PUT_Connection_check" time="0.516"/>
  <system-out/>
  <testcase classname="API_PUT_TestCases.PUT_TestCases" name="TC_03_PUT_StatusCode_Check" time="0.002"/>
  <system-out/>
  <testcase classname="API_PUT_TestCases.PUT_TestCases" name="TC_04_PUT_Response_text_check" time="0.002"/>
  <system-out/>
  <testcase classname="API_PUT_TestCases.PUT_TestCases" name="TC_05_PUT_Response_Time_Check" time="0.003"/>
  <system-out/>
</testsuite> <!-- API_PUT_TestCases.PUT_TestCases -->
