<?xml version="1.0" encoding="UTF-8"?>
<!-- Generated by org.testng.reporters.JUnitReportReporter -->
<testsuite hostname="DESKTOP-1NV6O7N" failures="0" tests="6" name="API_POST_TestCases.POST_Test_Cases" time="0.826" errors="0" timestamp="2022-11-25T11:30:03 IST" skipped="0">
  <testcase classname="API_POST_TestCases.POST_Test_Cases" name="TC_02_POST_Check_Response_Text" time="0.005"/>
  <system-out/>
  <testcase classname="API_POST_TestCases.POST_Test_Cases" name="TC_01_POST_Connection_Check" time="0.779"/>
  <system-out/>
  <testcase classname="API_POST_TestCases.POST_Test_Cases" name="TC_04_POST_Check_Response_Time" time="0.020"/>
  <system-out/>
  <testcase classname="API_POST_TestCases.POST_Test_Cases" name="TC_06_POST_Check_getResponse_string" time="0.007"/>
  <system-out/>
  <testcase classname="API_POST_TestCases.POST_Test_Cases" name="TC_05_POST_Check_Session_ID" time="0.009"/>
  <system-out/>
  <testcase classname="API_POST_TestCases.POST_Test_Cases" name="TC_03_POST_Check_Response_Code" time="0.006"/>
  <system-out/>
</testsuite> <!-- API_POST_TestCases.POST_Test_Cases -->
