<?xml version="1.0" encoding="UTF-8"?>
<!-- Generated by org.testng.reporters.JUnitReportReporter -->
<testsuite hostname="DESKTOP-1NV6O7N" failures="0" tests="2" name="API.GET.TestCases.GET_TEST_CASES" time="0.035" errors="0" timestamp="2022-11-25T00:34:35 IST" skipped="0">
  <testcase classname="API.GET.TestCases.GET_TEST_CASES" name="TC02_Check_Response_code" time="0.007"/>
  <system-out/>
  <testcase classname="API.GET.TestCases.GET_TEST_CASES" name="TC01_api_connect_check" time="0.028"/>
  <system-out/>
</testsuite> <!-- API.GET.TestCases.GET_TEST_CASES -->
